{
  "C:\\Users\\Mazel\\Desktop\\code\\Projects\\tradimedika\\src\\hooks\\useSymptomSubmit.js": {
    "path": "C:\\Users\\Mazel\\Desktop\\code\\Projects\\tradimedika\\src\\hooks\\useSymptomSubmit.js",
    "statementMap": {
      "0": {
        "start": { "line": 9, "column": 14 },
        "end": { "line": 9, "column": 47 }
      },
      "1": {
        "start": { "line": 24, "column": 18 },
        "end": { "line": 24, "column": 32 }
      },
      "2": {
        "start": { "line": 25, "column": 35 },
        "end": { "line": 25, "column": 51 }
      },
      "3": {
        "start": { "line": 26, "column": 31 },
        "end": { "line": 26, "column": 46 }
      },
      "4": {
        "start": { "line": 27, "column": 41 },
        "end": { "line": 27, "column": 57 }
      },
      "5": {
        "start": { "line": 28, "column": 27 },
        "end": { "line": 28, "column": 42 }
      },
      "6": {
        "start": { "line": 34, "column": 23 },
        "end": { "line": 88, "column": 3 }
      },
      "7": {
        "start": { "line": 36, "column": 4 },
        "end": { "line": 39, "column": 5 }
      },
      "8": {
        "start": { "line": 37, "column": 6 },
        "end": { "line": 37, "column": 60 }
      },
      "9": {
        "start": { "line": 38, "column": 6 },
        "end": { "line": 38, "column": 13 }
      },
      "10": {
        "start": { "line": 42, "column": 4 },
        "end": { "line": 42, "column": 19 }
      },
      "11": {
        "start": { "line": 43, "column": 4 },
        "end": { "line": 43, "column": 23 }
      },
      "12": {
        "start": { "line": 46, "column": 18 },
        "end": { "line": 46, "column": 55 }
      },
      "13": {
        "start": { "line": 48, "column": 4 },
        "end": { "line": 87, "column": 14 }
      },
      "14": {
        "start": { "line": 49, "column": 6 },
        "end": { "line": 86, "column": 7 }
      },
      "15": {
        "start": { "line": 51, "column": 32 },
        "end": { "line": 51, "column": 75 }
      },
      "16": {
        "start": { "line": 54, "column": 8 },
        "end": { "line": 54, "column": 37 }
      },
      "17": {
        "start": { "line": 55, "column": 8 },
        "end": { "line": 55, "column": 30 }
      },
      "18": {
        "start": { "line": 58, "column": 8 },
        "end": { "line": 60, "column": 11 }
      },
      "19": {
        "start": { "line": 63, "column": 8 },
        "end": { "line": 63, "column": 50 }
      },
      "20": {
        "start": { "line": 64, "column": 8 },
        "end": { "line": 64, "column": 64 }
      },
      "21": {
        "start": { "line": 65, "column": 8 },
        "end": { "line": 65, "column": 66 }
      },
      "22": {
        "start": { "line": 67, "column": 8 },
        "end": { "line": 78, "column": 9 }
      },
      "23": {
        "start": { "line": 68, "column": 10 },
        "end": { "line": 75, "column": 12 }
      },
      "24": {
        "start": { "line": 69, "column": 41 },
        "end": { "line": 74, "column": 13 }
      },
      "25": {
        "start": { "line": 77, "column": 10 },
        "end": { "line": 77, "column": 68 }
      },
      "26": {
        "start": { "line": 80, "column": 8 },
        "end": { "line": 80, "column": 26 }
      },
      "27": {
        "start": { "line": 82, "column": 8 },
        "end": { "line": 82, "column": 58 }
      },
      "28": {
        "start": { "line": 83, "column": 8 },
        "end": { "line": 83, "column": 65 }
      },
      "29": {
        "start": { "line": 85, "column": 8 },
        "end": { "line": 85, "column": 28 }
      },
      "30": {
        "start": { "line": 91, "column": 1 },
        "end": { "line": 99, "column": 21 }
      },
      "31": {
        "start": { "line": 92, "column": 4 },
        "end": { "line": 98, "column": 5 }
      },
      "32": {
        "start": { "line": 93, "column": 20 },
        "end": { "line": 95, "column": 14 }
      },
      "33": {
        "start": { "line": 94, "column": 8 },
        "end": { "line": 94, "column": 31 }
      },
      "34": {
        "start": { "line": 97, "column": 6 },
        "end": { "line": 97, "column": 39 }
      },
      "35": {
        "start": { "line": 97, "column": 19 },
        "end": { "line": 97, "column": 38 }
      },
      "36": {
        "start": { "line": 101, "column": 2 },
        "end": { "line": 107, "column": 4 }
      }
    },
    "fnMap": {
      "0": {
        "name": "useSymptomSubmit",
        "decl": {
          "start": { "line": 23, "column": 16 },
          "end": { "line": 23, "column": 32 }
        },
        "loc": {
          "start": { "line": 23, "column": 35 },
          "end": { "line": 108, "column": 1 }
        },
        "line": 23
      },
      "1": {
        "name": "(anonymous_1)",
        "decl": {
          "start": { "line": 34, "column": 23 },
          "end": { "line": 34, "column": 24 }
        },
        "loc": {
          "start": { "line": 34, "column": 45 },
          "end": { "line": 88, "column": 3 }
        },
        "line": 34
      },
      "2": {
        "name": "(anonymous_2)",
        "decl": {
          "start": { "line": 48, "column": 15 },
          "end": { "line": 48, "column": 16 }
        },
        "loc": {
          "start": { "line": 48, "column": 21 },
          "end": { "line": 87, "column": 5 }
        },
        "line": 48
      },
      "3": {
        "name": "(anonymous_3)",
        "decl": {
          "start": { "line": 69, "column": 33 },
          "end": { "line": 69, "column": 34 }
        },
        "loc": {
          "start": { "line": 69, "column": 41 },
          "end": { "line": 74, "column": 13 }
        },
        "line": 69
      },
      "4": {
        "name": "(anonymous_4)",
        "decl": {
          "start": { "line": 91, "column": 12 },
          "end": { "line": 91, "column": 13 }
        },
        "loc": {
          "start": { "line": 91, "column": 18 },
          "end": { "line": 99, "column": 3 }
        },
        "line": 91
      },
      "5": {
        "name": "(anonymous_5)",
        "decl": {
          "start": { "line": 93, "column": 31 },
          "end": { "line": 93, "column": 32 }
        },
        "loc": {
          "start": { "line": 93, "column": 37 },
          "end": { "line": 95, "column": 7 }
        },
        "line": 93
      },
      "6": {
        "name": "(anonymous_6)",
        "decl": {
          "start": { "line": 97, "column": 13 },
          "end": { "line": 97, "column": 14 }
        },
        "loc": {
          "start": { "line": 97, "column": 19 },
          "end": { "line": 97, "column": 38 }
        },
        "line": 97
      }
    },
    "branchMap": {
      "0": {
        "loc": {
          "start": { "line": 36, "column": 4 },
          "end": { "line": 39, "column": 5 }
        },
        "type": "if",
        "locations": [
          {
            "start": { "line": 36, "column": 4 },
            "end": { "line": 39, "column": 5 }
          },
          { "start": {}, "end": {} }
        ],
        "line": 36
      },
      "1": {
        "loc": {
          "start": { "line": 36, "column": 8 },
          "end": { "line": 36, "column": 58 }
        },
        "type": "binary-expr",
        "locations": [
          {
            "start": { "line": 36, "column": 8 },
            "end": { "line": 36, "column": 25 }
          },
          {
            "start": { "line": 36, "column": 29 },
            "end": { "line": 36, "column": 58 }
          }
        ],
        "line": 36
      },
      "2": {
        "loc": {
          "start": { "line": 67, "column": 8 },
          "end": { "line": 78, "column": 9 }
        },
        "type": "if",
        "locations": [
          {
            "start": { "line": 67, "column": 8 },
            "end": { "line": 78, "column": 9 }
          },
          {
            "start": { "line": 76, "column": 15 },
            "end": { "line": 78, "column": 9 }
          }
        ],
        "line": 67
      },
      "3": {
        "loc": {
          "start": { "line": 92, "column": 4 },
          "end": { "line": 98, "column": 5 }
        },
        "type": "if",
        "locations": [
          {
            "start": { "line": 92, "column": 4 },
            "end": { "line": 98, "column": 5 }
          },
          { "start": {}, "end": {} }
        ],
        "line": 92
      }
    },
    "s": {
      "0": 1,
      "1": 18,
      "2": 18,
      "3": 18,
      "4": 18,
      "5": 18,
      "6": 18,
      "7": 9,
      "8": 2,
      "9": 2,
      "10": 7,
      "11": 7,
      "12": 7,
      "13": 7,
      "14": 7,
      "15": 7,
      "16": 7,
      "17": 7,
      "18": 7,
      "19": 7,
      "20": 7,
      "21": 7,
      "22": 7,
      "23": 6,
      "24": 6,
      "25": 1,
      "26": 7,
      "27": 0,
      "28": 0,
      "29": 7,
      "30": 18,
      "31": 15,
      "32": 5,
      "33": 5,
      "34": 5,
      "35": 5,
      "36": 18
    },
    "f": { "0": 18, "1": 9, "2": 7, "3": 6, "4": 15, "5": 5, "6": 5 },
    "b": { "0": [2, 7], "1": [9, 8], "2": [6, 1], "3": [5, 10] },
    "meta": {
      "lastBranch": 4,
      "lastFunction": 7,
      "lastStatement": 37,
      "seen": {
        "s:9:14:9:47": 0,
        "f:23:16:23:32": 0,
        "s:24:18:24:32": 1,
        "s:25:35:25:51": 2,
        "s:26:31:26:46": 3,
        "s:27:41:27:57": 4,
        "s:28:27:28:42": 5,
        "s:34:23:88:3": 6,
        "f:34:23:34:24": 1,
        "b:36:4:39:5:undefined:undefined:undefined:undefined": 0,
        "s:36:4:39:5": 7,
        "b:36:8:36:25:36:29:36:58": 1,
        "s:37:6:37:60": 8,
        "s:38:6:38:13": 9,
        "s:42:4:42:19": 10,
        "s:43:4:43:23": 11,
        "s:46:18:46:55": 12,
        "s:48:4:87:14": 13,
        "f:48:15:48:16": 2,
        "s:49:6:86:7": 14,
        "s:51:32:51:75": 15,
        "s:54:8:54:37": 16,
        "s:55:8:55:30": 17,
        "s:58:8:60:11": 18,
        "s:63:8:63:50": 19,
        "s:64:8:64:64": 20,
        "s:65:8:65:66": 21,
        "b:67:8:78:9:76:15:78:9": 2,
        "s:67:8:78:9": 22,
        "s:68:10:75:12": 23,
        "f:69:33:69:34": 3,
        "s:69:41:74:13": 24,
        "s:77:10:77:68": 25,
        "s:80:8:80:26": 26,
        "s:82:8:82:58": 27,
        "s:83:8:83:65": 28,
        "s:85:8:85:28": 29,
        "s:91:1:99:21": 30,
        "f:91:12:91:13": 4,
        "b:92:4:98:5:undefined:undefined:undefined:undefined": 3,
        "s:92:4:98:5": 31,
        "s:93:20:95:14": 32,
        "f:93:31:93:32": 5,
        "s:94:8:94:31": 33,
        "s:97:6:97:39": 34,
        "f:97:13:97:14": 6,
        "s:97:19:97:38": 35,
        "s:101:2:107:4": 36
      }
    }
  },
  "C:\\Users\\Mazel\\Desktop\\code\\Projects\\tradimedika\\src\\utils\\logger.js": {
    "path": "C:\\Users\\Mazel\\Desktop\\code\\Projects\\tradimedika\\src\\utils\\logger.js",
    "statementMap": {
      "0": {
        "start": { "line": 20, "column": 28 },
        "end": { "line": 94, "column": 1 }
      },
      "1": {
        "start": { "line": 21, "column": 16 },
        "end": { "line": 21, "column": 35 }
      },
      "2": {
        "start": { "line": 22, "column": 17 },
        "end": { "line": 22, "column": 31 }
      },
      "3": {
        "start": { "line": 24, "column": 2 },
        "end": { "line": 93, "column": 4 }
      },
      "4": {
        "start": { "line": 31, "column": 6 },
        "end": { "line": 33, "column": 7 }
      },
      "5": {
        "start": { "line": 32, "column": 8 },
        "end": { "line": 32, "column": 46 }
      },
      "6": {
        "start": { "line": 42, "column": 6 },
        "end": { "line": 44, "column": 7 }
      },
      "7": {
        "start": { "line": 43, "column": 8 },
        "end": { "line": 43, "column": 47 }
      },
      "8": {
        "start": { "line": 53, "column": 6 },
        "end": { "line": 53, "column": 45 }
      },
      "9": {
        "start": { "line": 62, "column": 6 },
        "end": { "line": 62, "column": 46 }
      },
      "10": {
        "start": { "line": 70, "column": 6 },
        "end": { "line": 72, "column": 7 }
      },
      "11": {
        "start": { "line": 71, "column": 8 },
        "end": { "line": 71, "column": 37 }
      },
      "12": {
        "start": { "line": 79, "column": 6 },
        "end": { "line": 81, "column": 7 }
      },
      "13": {
        "start": { "line": 80, "column": 8 },
        "end": { "line": 80, "column": 27 }
      },
      "14": {
        "start": { "line": 89, "column": 6 },
        "end": { "line": 91, "column": 7 }
      },
      "15": {
        "start": { "line": 90, "column": 8 },
        "end": { "line": 90, "column": 28 }
      }
    },
    "fnMap": {
      "0": {
        "name": "(anonymous_0)",
        "decl": {
          "start": { "line": 20, "column": 28 },
          "end": { "line": 20, "column": 29 }
        },
        "loc": {
          "start": { "line": 20, "column": 41 },
          "end": { "line": 94, "column": 1 }
        },
        "line": 20
      },
      "1": {
        "name": "(anonymous_1)",
        "decl": {
          "start": { "line": 30, "column": 11 },
          "end": { "line": 30, "column": 12 }
        },
        "loc": {
          "start": { "line": 30, "column": 33 },
          "end": { "line": 34, "column": 5 }
        },
        "line": 30
      },
      "2": {
        "name": "(anonymous_2)",
        "decl": {
          "start": { "line": 41, "column": 10 },
          "end": { "line": 41, "column": 11 }
        },
        "loc": {
          "start": { "line": 41, "column": 32 },
          "end": { "line": 45, "column": 5 }
        },
        "line": 41
      },
      "3": {
        "name": "(anonymous_3)",
        "decl": {
          "start": { "line": 52, "column": 10 },
          "end": { "line": 52, "column": 11 }
        },
        "loc": {
          "start": { "line": 52, "column": 32 },
          "end": { "line": 54, "column": 5 }
        },
        "line": 52
      },
      "4": {
        "name": "(anonymous_4)",
        "decl": {
          "start": { "line": 61, "column": 11 },
          "end": { "line": 61, "column": 12 }
        },
        "loc": {
          "start": { "line": 61, "column": 33 },
          "end": { "line": 63, "column": 5 }
        },
        "line": 61
      },
      "5": {
        "name": "(anonymous_5)",
        "decl": {
          "start": { "line": 69, "column": 11 },
          "end": { "line": 69, "column": 12 }
        },
        "loc": {
          "start": { "line": 69, "column": 22 },
          "end": { "line": 73, "column": 5 }
        },
        "line": 69
      },
      "6": {
        "name": "(anonymous_6)",
        "decl": {
          "start": { "line": 78, "column": 14 },
          "end": { "line": 78, "column": 15 }
        },
        "loc": {
          "start": { "line": 78, "column": 20 },
          "end": { "line": 82, "column": 5 }
        },
        "line": 78
      },
      "7": {
        "name": "(anonymous_7)",
        "decl": {
          "start": { "line": 88, "column": 11 },
          "end": { "line": 88, "column": 12 }
        },
        "loc": {
          "start": { "line": 88, "column": 21 },
          "end": { "line": 92, "column": 5 }
        },
        "line": 88
      }
    },
    "branchMap": {
      "0": {
        "loc": {
          "start": { "line": 31, "column": 6 },
          "end": { "line": 33, "column": 7 }
        },
        "type": "if",
        "locations": [
          {
            "start": { "line": 31, "column": 6 },
            "end": { "line": 33, "column": 7 }
          },
          { "start": {}, "end": {} }
        ],
        "line": 31
      },
      "1": {
        "loc": {
          "start": { "line": 42, "column": 6 },
          "end": { "line": 44, "column": 7 }
        },
        "type": "if",
        "locations": [
          {
            "start": { "line": 42, "column": 6 },
            "end": { "line": 44, "column": 7 }
          },
          { "start": {}, "end": {} }
        ],
        "line": 42
      },
      "2": {
        "loc": {
          "start": { "line": 70, "column": 6 },
          "end": { "line": 72, "column": 7 }
        },
        "type": "if",
        "locations": [
          {
            "start": { "line": 70, "column": 6 },
            "end": { "line": 72, "column": 7 }
          },
          { "start": {}, "end": {} }
        ],
        "line": 70
      },
      "3": {
        "loc": {
          "start": { "line": 79, "column": 6 },
          "end": { "line": 81, "column": 7 }
        },
        "type": "if",
        "locations": [
          {
            "start": { "line": 79, "column": 6 },
            "end": { "line": 81, "column": 7 }
          },
          { "start": {}, "end": {} }
        ],
        "line": 79
      },
      "4": {
        "loc": {
          "start": { "line": 89, "column": 6 },
          "end": { "line": 91, "column": 7 }
        },
        "type": "if",
        "locations": [
          {
            "start": { "line": 89, "column": 6 },
            "end": { "line": 91, "column": 7 }
          },
          { "start": {}, "end": {} }
        ],
        "line": 89
      }
    },
    "s": {
      "0": 3,
      "1": 4,
      "2": 4,
      "3": 4,
      "4": 15,
      "5": 15,
      "6": 0,
      "7": 0,
      "8": 27,
      "9": 3,
      "10": 7,
      "11": 7,
      "12": 7,
      "13": 7,
      "14": 6,
      "15": 6
    },
    "f": { "0": 4, "1": 15, "2": 0, "3": 27, "4": 3, "5": 7, "6": 7, "7": 6 },
    "b": { "0": [15, 0], "1": [0, 0], "2": [7, 0], "3": [7, 0], "4": [6, 0] },
    "meta": {
      "lastBranch": 5,
      "lastFunction": 8,
      "lastStatement": 16,
      "seen": {
        "s:20:28:94:1": 0,
        "f:20:28:20:29": 0,
        "s:21:16:21:35": 1,
        "s:22:17:22:31": 2,
        "s:24:2:93:4": 3,
        "f:30:11:30:12": 1,
        "b:31:6:33:7:undefined:undefined:undefined:undefined": 0,
        "s:31:6:33:7": 4,
        "s:32:8:32:46": 5,
        "f:41:10:41:11": 2,
        "b:42:6:44:7:undefined:undefined:undefined:undefined": 1,
        "s:42:6:44:7": 6,
        "s:43:8:43:47": 7,
        "f:52:10:52:11": 3,
        "s:53:6:53:45": 8,
        "f:61:11:61:12": 4,
        "s:62:6:62:46": 9,
        "f:69:11:69:12": 5,
        "b:70:6:72:7:undefined:undefined:undefined:undefined": 2,
        "s:70:6:72:7": 10,
        "s:71:8:71:37": 11,
        "f:78:14:78:15": 6,
        "b:79:6:81:7:undefined:undefined:undefined:undefined": 3,
        "s:79:6:81:7": 12,
        "s:80:8:80:27": 13,
        "f:88:11:88:12": 7,
        "b:89:6:91:7:undefined:undefined:undefined:undefined": 4,
        "s:89:6:91:7": 14,
        "s:90:8:90:28": 15
      }
    }
  },
  "C:\\Users\\Mazel\\Desktop\\code\\Projects\\tradimedika\\src\\utils\\normalizeSymptom.js": {
    "path": "C:\\Users\\Mazel\\Desktop\\code\\Projects\\tradimedika\\src\\utils\\normalizeSymptom.js",
    "statementMap": {
      "0": {
        "start": { "line": 4, "column": 14 },
        "end": { "line": 4, "column": 47 }
      },
      "1": {
        "start": { "line": 27, "column": 2 },
        "end": { "line": 30, "column": 3 }
      },
      "2": {
        "start": { "line": 28, "column": 4 },
        "end": { "line": 28, "column": 58 }
      },
      "3": {
        "start": { "line": 29, "column": 4 },
        "end": { "line": 29, "column": 14 }
      },
      "4": {
        "start": { "line": 32, "column": 2 },
        "end": { "line": 36, "column": 12 }
      },
      "5": {
        "start": { "line": 60, "column": 2 },
        "end": { "line": 63, "column": 3 }
      },
      "6": {
        "start": { "line": 61, "column": 4 },
        "end": { "line": 61, "column": 58 }
      },
      "7": {
        "start": { "line": 62, "column": 4 },
        "end": { "line": 62, "column": 14 }
      },
      "8": {
        "start": { "line": 65, "column": 2 },
        "end": { "line": 71, "column": 12 }
      }
    },
    "fnMap": {
      "0": {
        "name": "normalizeSymptom",
        "decl": {
          "start": { "line": 26, "column": 16 },
          "end": { "line": 26, "column": 32 }
        },
        "loc": {
          "start": { "line": 26, "column": 42 },
          "end": { "line": 37, "column": 1 }
        },
        "line": 26
      },
      "1": {
        "name": "normalizeForMatching",
        "decl": {
          "start": { "line": 59, "column": 16 },
          "end": { "line": 59, "column": 36 }
        },
        "loc": {
          "start": { "line": 59, "column": 46 },
          "end": { "line": 72, "column": 1 }
        },
        "line": 59
      }
    },
    "branchMap": {
      "0": {
        "loc": {
          "start": { "line": 27, "column": 2 },
          "end": { "line": 30, "column": 3 }
        },
        "type": "if",
        "locations": [
          {
            "start": { "line": 27, "column": 2 },
            "end": { "line": 30, "column": 3 }
          },
          { "start": {}, "end": {} }
        ],
        "line": 27
      },
      "1": {
        "loc": {
          "start": { "line": 60, "column": 2 },
          "end": { "line": 63, "column": 3 }
        },
        "type": "if",
        "locations": [
          {
            "start": { "line": 60, "column": 2 },
            "end": { "line": 63, "column": 3 }
          },
          { "start": {}, "end": {} }
        ],
        "line": 60
      }
    },
    "s": {
      "0": 2,
      "1": 26,
      "2": 4,
      "3": 4,
      "4": 22,
      "5": 150,
      "6": 4,
      "7": 4,
      "8": 146
    },
    "f": { "0": 26, "1": 150 },
    "b": { "0": [4, 22], "1": [4, 146] },
    "meta": {
      "lastBranch": 2,
      "lastFunction": 2,
      "lastStatement": 9,
      "seen": {
        "s:4:14:4:47": 0,
        "f:26:16:26:32": 0,
        "b:27:2:30:3:undefined:undefined:undefined:undefined": 0,
        "s:27:2:30:3": 1,
        "s:28:4:28:58": 2,
        "s:29:4:29:14": 3,
        "s:32:2:36:12": 4,
        "f:59:16:59:36": 1,
        "b:60:2:63:3:undefined:undefined:undefined:undefined": 1,
        "s:60:2:63:3": 5,
        "s:61:4:61:58": 6,
        "s:62:4:62:14": 7,
        "s:65:2:71:12": 8
      }
    }
  },
  "C:\\Users\\Mazel\\Desktop\\code\\Projects\\tradimedika\\src\\utils\\remedyMatcher.js": {
    "path": "C:\\Users\\Mazel\\Desktop\\code\\Projects\\tradimedika\\src\\utils\\remedyMatcher.js",
    "statementMap": {
      "0": {
        "start": { "line": 5, "column": 14 },
        "end": { "line": 5, "column": 44 }
      },
      "1": {
        "start": { "line": 32, "column": 2 },
        "end": { "line": 35, "column": 3 }
      },
      "2": {
        "start": { "line": 33, "column": 4 },
        "end": { "line": 33, "column": 46 }
      },
      "3": {
        "start": { "line": 34, "column": 4 },
        "end": { "line": 34, "column": 14 }
      },
      "4": {
        "start": { "line": 37, "column": 2 },
        "end": { "line": 40, "column": 3 }
      },
      "5": {
        "start": { "line": 38, "column": 4 },
        "end": { "line": 38, "column": 53 }
      },
      "6": {
        "start": { "line": 39, "column": 4 },
        "end": { "line": 39, "column": 14 }
      },
      "7": {
        "start": { "line": 43, "column": 18 },
        "end": { "line": 72, "column": 38 }
      },
      "8": {
        "start": { "line": 46, "column": 6 },
        "end": { "line": 49, "column": 7 }
      },
      "9": {
        "start": { "line": 47, "column": 8 },
        "end": { "line": 47, "column": 74 }
      },
      "10": {
        "start": { "line": 48, "column": 8 },
        "end": { "line": 48, "column": 20 }
      },
      "11": {
        "start": { "line": 52, "column": 30 },
        "end": { "line": 58, "column": 7 }
      },
      "12": {
        "start": { "line": 53, "column": 8 },
        "end": { "line": 57, "column": 9 }
      },
      "13": {
        "start": { "line": 55, "column": 11 },
        "end": { "line": 56, "column": 47 }
      },
      "14": {
        "start": { "line": 61, "column": 6 },
        "end": { "line": 63, "column": 7 }
      },
      "15": {
        "start": { "line": 62, "column": 8 },
        "end": { "line": 62, "column": 20 }
      },
      "16": {
        "start": { "line": 66, "column": 6 },
        "end": { "line": 70, "column": 8 }
      },
      "17": {
        "start": { "line": 72, "column": 23 },
        "end": { "line": 72, "column": 37 }
      },
      "18": {
        "start": { "line": 75, "column": 2 },
        "end": { "line": 85, "column": 5 }
      },
      "19": {
        "start": { "line": 77, "column": 4 },
        "end": { "line": 79, "column": 5 }
      },
      "20": {
        "start": { "line": 78, "column": 6 },
        "end": { "line": 78, "column": 41 }
      },
      "21": {
        "start": { "line": 82, "column": 4 },
        "end": { "line": 84, "column": 7 }
      },
      "22": {
        "start": { "line": 87, "column": 2 },
        "end": { "line": 87, "column": 17 }
      },
      "23": {
        "start": { "line": 103, "column": 2 },
        "end": { "line": 106, "column": 3 }
      },
      "24": {
        "start": { "line": 104, "column": 4 },
        "end": { "line": 104, "column": 54 }
      },
      "25": {
        "start": { "line": 105, "column": 4 },
        "end": { "line": 105, "column": 16 }
      },
      "26": {
        "start": { "line": 108, "column": 2 },
        "end": { "line": 111, "column": 3 }
      },
      "27": {
        "start": { "line": 109, "column": 4 },
        "end": { "line": 109, "column": 53 }
      },
      "28": {
        "start": { "line": 110, "column": 4 },
        "end": { "line": 110, "column": 16 }
      },
      "29": {
        "start": { "line": 114, "column": 20 },
        "end": { "line": 114, "column": 30 }
      },
      "30": {
        "start": { "line": 117, "column": 2 },
        "end": { "line": 120, "column": 3 }
      },
      "31": {
        "start": { "line": 118, "column": 4 },
        "end": { "line": 118, "column": 62 }
      },
      "32": {
        "start": { "line": 119, "column": 4 },
        "end": { "line": 119, "column": 16 }
      },
      "33": {
        "start": { "line": 123, "column": 17 },
        "end": { "line": 123, "column": 63 }
      },
      "34": {
        "start": { "line": 123, "column": 41 },
        "end": { "line": 123, "column": 62 }
      },
      "35": {
        "start": { "line": 125, "column": 2 },
        "end": { "line": 128, "column": 3 }
      },
      "36": {
        "start": { "line": 126, "column": 4 },
        "end": { "line": 126, "column": 62 }
      },
      "37": {
        "start": { "line": 127, "column": 4 },
        "end": { "line": 127, "column": 16 }
      },
      "38": {
        "start": { "line": 130, "column": 2 },
        "end": { "line": 130, "column": 16 }
      },
      "39": {
        "start": { "line": 145, "column": 2 },
        "end": { "line": 148, "column": 3 }
      },
      "40": {
        "start": { "line": 146, "column": 4 },
        "end": { "line": 146, "column": 54 }
      },
      "41": {
        "start": { "line": 147, "column": 4 },
        "end": { "line": 147, "column": 14 }
      },
      "42": {
        "start": { "line": 150, "column": 2 },
        "end": { "line": 154, "column": 48 }
      },
      "43": {
        "start": { "line": 175, "column": 2 },
        "end": { "line": 178, "column": 3 }
      },
      "44": {
        "start": { "line": 176, "column": 4 },
        "end": { "line": 176, "column": 58 }
      },
      "45": {
        "start": { "line": 177, "column": 4 },
        "end": { "line": 177, "column": 16 }
      },
      "46": {
        "start": { "line": 180, "column": 2 },
        "end": { "line": 183, "column": 3 }
      },
      "47": {
        "start": { "line": 181, "column": 4 },
        "end": { "line": 181, "column": 53 }
      },
      "48": {
        "start": { "line": 182, "column": 4 },
        "end": { "line": 182, "column": 16 }
      },
      "49": {
        "start": { "line": 186, "column": 20 },
        "end": { "line": 186, "column": 24 }
      },
      "50": {
        "start": { "line": 187, "column": 2 },
        "end": { "line": 192, "column": 3 }
      },
      "51": {
        "start": { "line": 188, "column": 4 },
        "end": { "line": 188, "column": 43 }
      },
      "52": {
        "start": { "line": 190, "column": 4 },
        "end": { "line": 190, "column": 68 }
      },
      "53": {
        "start": { "line": 195, "column": 17 },
        "end": { "line": 198, "column": 4 }
      },
      "54": {
        "start": { "line": 196, "column": 4 },
        "end": { "line": 196, "column": 33 }
      },
      "55": {
        "start": { "line": 196, "column": 20 },
        "end": { "line": 196, "column": 33 }
      },
      "56": {
        "start": { "line": 197, "column": 4 },
        "end": { "line": 197, "column": 51 }
      },
      "57": {
        "start": { "line": 200, "column": 2 },
        "end": { "line": 203, "column": 3 }
      },
      "58": {
        "start": { "line": 201, "column": 4 },
        "end": { "line": 201, "column": 69 }
      },
      "59": {
        "start": { "line": 202, "column": 4 },
        "end": { "line": 202, "column": 16 }
      },
      "60": {
        "start": { "line": 205, "column": 2 },
        "end": { "line": 205, "column": 16 }
      }
    },
    "fnMap": {
      "0": {
        "name": "findMatchingRemedies",
        "decl": {
          "start": { "line": 30, "column": 16 },
          "end": { "line": 30, "column": 36 }
        },
        "loc": {
          "start": { "line": 30, "column": 65 },
          "end": { "line": 88, "column": 1 }
        },
        "line": 30
      },
      "1": {
        "name": "(anonymous_1)",
        "decl": {
          "start": { "line": 44, "column": 9 },
          "end": { "line": 44, "column": 10 }
        },
        "loc": {
          "start": { "line": 44, "column": 21 },
          "end": { "line": 71, "column": 5 }
        },
        "line": 44
      },
      "2": {
        "name": "(anonymous_2)",
        "decl": {
          "start": { "line": 52, "column": 54 },
          "end": { "line": 52, "column": 55 }
        },
        "loc": {
          "start": { "line": 53, "column": 8 },
          "end": { "line": 57, "column": 9 }
        },
        "line": 53
      },
      "3": {
        "name": "(anonymous_3)",
        "decl": {
          "start": { "line": 54, "column": 10 },
          "end": { "line": 54, "column": 11 }
        },
        "loc": {
          "start": { "line": 55, "column": 11 },
          "end": { "line": 56, "column": 47 }
        },
        "line": 55
      },
      "4": {
        "name": "(anonymous_4)",
        "decl": {
          "start": { "line": 72, "column": 12 },
          "end": { "line": 72, "column": 13 }
        },
        "loc": {
          "start": { "line": 72, "column": 23 },
          "end": { "line": 72, "column": 37 }
        },
        "line": 72
      },
      "5": {
        "name": "(anonymous_5)",
        "decl": {
          "start": { "line": 75, "column": 15 },
          "end": { "line": 75, "column": 16 }
        },
        "loc": {
          "start": { "line": 75, "column": 25 },
          "end": { "line": 85, "column": 3 }
        },
        "line": 75
      },
      "6": {
        "name": "getRemedyById",
        "decl": {
          "start": { "line": 101, "column": 16 },
          "end": { "line": 101, "column": 29 }
        },
        "loc": {
          "start": { "line": 101, "column": 44 },
          "end": { "line": 131, "column": 1 }
        },
        "line": 101
      },
      "7": {
        "name": "(anonymous_7)",
        "decl": {
          "start": { "line": 123, "column": 31 },
          "end": { "line": 123, "column": 32 }
        },
        "loc": {
          "start": { "line": 123, "column": 41 },
          "end": { "line": 123, "column": 62 }
        },
        "line": 123
      },
      "8": {
        "name": "generateSlug",
        "decl": {
          "start": { "line": 144, "column": 16 },
          "end": { "line": 144, "column": 28 }
        },
        "loc": {
          "start": { "line": 144, "column": 35 },
          "end": { "line": 155, "column": 1 }
        },
        "line": 144
      },
      "9": {
        "name": "getRemedyBySlug",
        "decl": {
          "start": { "line": 173, "column": 16 },
          "end": { "line": 173, "column": 31 }
        },
        "loc": {
          "start": { "line": 173, "column": 48 },
          "end": { "line": 206, "column": 1 }
        },
        "line": 173
      },
      "10": {
        "name": "(anonymous_10)",
        "decl": {
          "start": { "line": 195, "column": 31 },
          "end": { "line": 195, "column": 32 }
        },
        "loc": {
          "start": { "line": 195, "column": 41 },
          "end": { "line": 198, "column": 3 }
        },
        "line": 195
      }
    },
    "branchMap": {
      "0": {
        "loc": {
          "start": { "line": 32, "column": 2 },
          "end": { "line": 35, "column": 3 }
        },
        "type": "if",
        "locations": [
          {
            "start": { "line": 32, "column": 2 },
            "end": { "line": 35, "column": 3 }
          },
          { "start": {}, "end": {} }
        ],
        "line": 32
      },
      "1": {
        "loc": {
          "start": { "line": 32, "column": 6 },
          "end": { "line": 32, "column": 71 }
        },
        "type": "binary-expr",
        "locations": [
          {
            "start": { "line": 32, "column": 6 },
            "end": { "line": 32, "column": 38 }
          },
          {
            "start": { "line": 32, "column": 42 },
            "end": { "line": 32, "column": 71 }
          }
        ],
        "line": 32
      },
      "2": {
        "loc": {
          "start": { "line": 37, "column": 2 },
          "end": { "line": 40, "column": 3 }
        },
        "type": "if",
        "locations": [
          {
            "start": { "line": 37, "column": 2 },
            "end": { "line": 40, "column": 3 }
          },
          { "start": {}, "end": {} }
        ],
        "line": 37
      },
      "3": {
        "loc": {
          "start": { "line": 37, "column": 6 },
          "end": { "line": 37, "column": 55 }
        },
        "type": "binary-expr",
        "locations": [
          {
            "start": { "line": 37, "column": 6 },
            "end": { "line": 37, "column": 30 }
          },
          {
            "start": { "line": 37, "column": 34 },
            "end": { "line": 37, "column": 55 }
          }
        ],
        "line": 37
      },
      "4": {
        "loc": {
          "start": { "line": 46, "column": 6 },
          "end": { "line": 49, "column": 7 }
        },
        "type": "if",
        "locations": [
          {
            "start": { "line": 46, "column": 6 },
            "end": { "line": 49, "column": 7 }
          },
          { "start": {}, "end": {} }
        ],
        "line": 46
      },
      "5": {
        "loc": {
          "start": { "line": 61, "column": 6 },
          "end": { "line": 63, "column": 7 }
        },
        "type": "if",
        "locations": [
          {
            "start": { "line": 61, "column": 6 },
            "end": { "line": 63, "column": 7 }
          },
          { "start": {}, "end": {} }
        ],
        "line": 61
      },
      "6": {
        "loc": {
          "start": { "line": 77, "column": 4 },
          "end": { "line": 79, "column": 5 }
        },
        "type": "if",
        "locations": [
          {
            "start": { "line": 77, "column": 4 },
            "end": { "line": 79, "column": 5 }
          },
          { "start": {}, "end": {} }
        ],
        "line": 77
      },
      "7": {
        "loc": {
          "start": { "line": 103, "column": 2 },
          "end": { "line": 106, "column": 3 }
        },
        "type": "if",
        "locations": [
          {
            "start": { "line": 103, "column": 2 },
            "end": { "line": 106, "column": 3 }
          },
          { "start": {}, "end": {} }
        ],
        "line": 103
      },
      "8": {
        "loc": {
          "start": { "line": 103, "column": 6 },
          "end": { "line": 103, "column": 50 }
        },
        "type": "binary-expr",
        "locations": [
          {
            "start": { "line": 103, "column": 6 },
            "end": { "line": 103, "column": 22 }
          },
          {
            "start": { "line": 103, "column": 26 },
            "end": { "line": 103, "column": 37 }
          },
          {
            "start": { "line": 103, "column": 41 },
            "end": { "line": 103, "column": 50 }
          }
        ],
        "line": 103
      },
      "9": {
        "loc": {
          "start": { "line": 108, "column": 2 },
          "end": { "line": 111, "column": 3 }
        },
        "type": "if",
        "locations": [
          {
            "start": { "line": 108, "column": 2 },
            "end": { "line": 111, "column": 3 }
          },
          { "start": {}, "end": {} }
        ],
        "line": 108
      },
      "10": {
        "loc": {
          "start": { "line": 108, "column": 6 },
          "end": { "line": 108, "column": 55 }
        },
        "type": "binary-expr",
        "locations": [
          {
            "start": { "line": 108, "column": 6 },
            "end": { "line": 108, "column": 30 }
          },
          {
            "start": { "line": 108, "column": 34 },
            "end": { "line": 108, "column": 55 }
          }
        ],
        "line": 108
      },
      "11": {
        "loc": {
          "start": { "line": 117, "column": 2 },
          "end": { "line": 120, "column": 3 }
        },
        "type": "if",
        "locations": [
          {
            "start": { "line": 117, "column": 2 },
            "end": { "line": 120, "column": 3 }
          },
          { "start": {}, "end": {} }
        ],
        "line": 117
      },
      "12": {
        "loc": {
          "start": { "line": 125, "column": 2 },
          "end": { "line": 128, "column": 3 }
        },
        "type": "if",
        "locations": [
          {
            "start": { "line": 125, "column": 2 },
            "end": { "line": 128, "column": 3 }
          },
          { "start": {}, "end": {} }
        ],
        "line": 125
      },
      "13": {
        "loc": {
          "start": { "line": 145, "column": 2 },
          "end": { "line": 148, "column": 3 }
        },
        "type": "if",
        "locations": [
          {
            "start": { "line": 145, "column": 2 },
            "end": { "line": 148, "column": 3 }
          },
          { "start": {}, "end": {} }
        ],
        "line": 145
      },
      "14": {
        "loc": {
          "start": { "line": 145, "column": 6 },
          "end": { "line": 145, "column": 39 }
        },
        "type": "binary-expr",
        "locations": [
          {
            "start": { "line": 145, "column": 6 },
            "end": { "line": 145, "column": 11 }
          },
          {
            "start": { "line": 145, "column": 15 },
            "end": { "line": 145, "column": 39 }
          }
        ],
        "line": 145
      },
      "15": {
        "loc": {
          "start": { "line": 175, "column": 2 },
          "end": { "line": 178, "column": 3 }
        },
        "type": "if",
        "locations": [
          {
            "start": { "line": 175, "column": 2 },
            "end": { "line": 178, "column": 3 }
          },
          { "start": {}, "end": {} }
        ],
        "line": 175
      },
      "16": {
        "loc": {
          "start": { "line": 175, "column": 6 },
          "end": { "line": 175, "column": 39 }
        },
        "type": "binary-expr",
        "locations": [
          {
            "start": { "line": 175, "column": 6 },
            "end": { "line": 175, "column": 11 }
          },
          {
            "start": { "line": 175, "column": 15 },
            "end": { "line": 175, "column": 39 }
          }
        ],
        "line": 175
      },
      "17": {
        "loc": {
          "start": { "line": 180, "column": 2 },
          "end": { "line": 183, "column": 3 }
        },
        "type": "if",
        "locations": [
          {
            "start": { "line": 180, "column": 2 },
            "end": { "line": 183, "column": 3 }
          },
          { "start": {}, "end": {} }
        ],
        "line": 180
      },
      "18": {
        "loc": {
          "start": { "line": 180, "column": 6 },
          "end": { "line": 180, "column": 55 }
        },
        "type": "binary-expr",
        "locations": [
          {
            "start": { "line": 180, "column": 6 },
            "end": { "line": 180, "column": 30 }
          },
          {
            "start": { "line": 180, "column": 34 },
            "end": { "line": 180, "column": 55 }
          }
        ],
        "line": 180
      },
      "19": {
        "loc": {
          "start": { "line": 196, "column": 4 },
          "end": { "line": 196, "column": 33 }
        },
        "type": "if",
        "locations": [
          {
            "start": { "line": 196, "column": 4 },
            "end": { "line": 196, "column": 33 }
          },
          { "start": {}, "end": {} }
        ],
        "line": 196
      },
      "20": {
        "loc": {
          "start": { "line": 200, "column": 2 },
          "end": { "line": 203, "column": 3 }
        },
        "type": "if",
        "locations": [
          {
            "start": { "line": 200, "column": 2 },
            "end": { "line": 203, "column": 3 }
          },
          { "start": {}, "end": {} }
        ],
        "line": 200
      }
    },
    "s": {
      "0": 1,
      "1": 8,
      "2": 1,
      "3": 1,
      "4": 7,
      "5": 1,
      "6": 1,
      "7": 6,
      "8": 19,
      "9": 1,
      "10": 1,
      "11": 18,
      "12": 30,
      "13": 58,
      "14": 18,
      "15": 4,
      "16": 14,
      "17": 19,
      "18": 6,
      "19": 13,
      "20": 5,
      "21": 8,
      "22": 6,
      "23": 8,
      "24": 3,
      "25": 3,
      "26": 5,
      "27": 1,
      "28": 1,
      "29": 4,
      "30": 4,
      "31": 1,
      "32": 1,
      "33": 3,
      "34": 6,
      "35": 3,
      "36": 1,
      "37": 1,
      "38": 2,
      "39": 27,
      "40": 4,
      "41": 4,
      "42": 23,
      "43": 9,
      "44": 3,
      "45": 3,
      "46": 6,
      "47": 1,
      "48": 1,
      "49": 5,
      "50": 5,
      "51": 5,
      "52": 1,
      "53": 5,
      "54": 11,
      "55": 0,
      "56": 11,
      "57": 5,
      "58": 2,
      "59": 2,
      "60": 3
    },
    "f": {
      "0": 8,
      "1": 19,
      "2": 30,
      "3": 58,
      "4": 19,
      "5": 13,
      "6": 8,
      "7": 6,
      "8": 27,
      "9": 9,
      "10": 11
    },
    "b": {
      "0": [1, 7],
      "1": [8, 8],
      "2": [1, 6],
      "3": [7, 7],
      "4": [1, 18],
      "5": [4, 14],
      "6": [5, 8],
      "7": [3, 5],
      "8": [8, 7, 6],
      "9": [1, 4],
      "10": [5, 5],
      "11": [1, 3],
      "12": [1, 2],
      "13": [4, 23],
      "14": [27, 24],
      "15": [3, 6],
      "16": [9, 6],
      "17": [1, 5],
      "18": [6, 6],
      "19": [0, 11],
      "20": [2, 3]
    },
    "meta": {
      "lastBranch": 21,
      "lastFunction": 11,
      "lastStatement": 61,
      "seen": {
        "s:5:14:5:44": 0,
        "f:30:16:30:36": 0,
        "b:32:2:35:3:undefined:undefined:undefined:undefined": 0,
        "s:32:2:35:3": 1,
        "b:32:6:32:38:32:42:32:71": 1,
        "s:33:4:33:46": 2,
        "s:34:4:34:14": 3,
        "b:37:2:40:3:undefined:undefined:undefined:undefined": 2,
        "s:37:2:40:3": 4,
        "b:37:6:37:30:37:34:37:55": 3,
        "s:38:4:38:53": 5,
        "s:39:4:39:14": 6,
        "s:43:18:72:38": 7,
        "f:44:9:44:10": 1,
        "b:46:6:49:7:undefined:undefined:undefined:undefined": 4,
        "s:46:6:49:7": 8,
        "s:47:8:47:74": 9,
        "s:48:8:48:20": 10,
        "s:52:30:58:7": 11,
        "f:52:54:52:55": 2,
        "s:53:8:57:9": 12,
        "f:54:10:54:11": 3,
        "s:55:11:56:47": 13,
        "b:61:6:63:7:undefined:undefined:undefined:undefined": 5,
        "s:61:6:63:7": 14,
        "s:62:8:62:20": 15,
        "s:66:6:70:8": 16,
        "f:72:12:72:13": 4,
        "s:72:23:72:37": 17,
        "s:75:2:85:5": 18,
        "f:75:15:75:16": 5,
        "b:77:4:79:5:undefined:undefined:undefined:undefined": 6,
        "s:77:4:79:5": 19,
        "s:78:6:78:41": 20,
        "s:82:4:84:7": 21,
        "s:87:2:87:17": 22,
        "f:101:16:101:29": 6,
        "b:103:2:106:3:undefined:undefined:undefined:undefined": 7,
        "s:103:2:106:3": 23,
        "b:103:6:103:22:103:26:103:37:103:41:103:50": 8,
        "s:104:4:104:54": 24,
        "s:105:4:105:16": 25,
        "b:108:2:111:3:undefined:undefined:undefined:undefined": 9,
        "s:108:2:111:3": 26,
        "b:108:6:108:30:108:34:108:55": 10,
        "s:109:4:109:53": 27,
        "s:110:4:110:16": 28,
        "s:114:20:114:30": 29,
        "b:117:2:120:3:undefined:undefined:undefined:undefined": 11,
        "s:117:2:120:3": 30,
        "s:118:4:118:62": 31,
        "s:119:4:119:16": 32,
        "s:123:17:123:63": 33,
        "f:123:31:123:32": 7,
        "s:123:41:123:62": 34,
        "b:125:2:128:3:undefined:undefined:undefined:undefined": 12,
        "s:125:2:128:3": 35,
        "s:126:4:126:62": 36,
        "s:127:4:127:16": 37,
        "s:130:2:130:16": 38,
        "f:144:16:144:28": 8,
        "b:145:2:148:3:undefined:undefined:undefined:undefined": 13,
        "s:145:2:148:3": 39,
        "b:145:6:145:11:145:15:145:39": 14,
        "s:146:4:146:54": 40,
        "s:147:4:147:14": 41,
        "s:150:2:154:48": 42,
        "f:173:16:173:31": 9,
        "b:175:2:178:3:undefined:undefined:undefined:undefined": 15,
        "s:175:2:178:3": 43,
        "b:175:6:175:11:175:15:175:39": 16,
        "s:176:4:176:58": 44,
        "s:177:4:177:16": 45,
        "b:180:2:183:3:undefined:undefined:undefined:undefined": 17,
        "s:180:2:183:3": 46,
        "b:180:6:180:30:180:34:180:55": 18,
        "s:181:4:181:53": 47,
        "s:182:4:182:16": 48,
        "s:186:20:186:24": 49,
        "s:187:2:192:3": 50,
        "s:188:4:188:43": 51,
        "s:190:4:190:68": 52,
        "s:195:17:198:4": 53,
        "f:195:31:195:32": 10,
        "b:196:4:196:33:undefined:undefined:undefined:undefined": 19,
        "s:196:4:196:33": 54,
        "s:196:20:196:33": 55,
        "s:197:4:197:51": 56,
        "b:200:2:203:3:undefined:undefined:undefined:undefined": 20,
        "s:200:2:203:3": 57,
        "s:201:4:201:69": 58,
        "s:202:4:202:16": 59,
        "s:205:2:205:16": 60
      }
    }
  }
}
